INFO:     Started server process [7804]
INFO:     Waiting for application startup.
INFO:     Application startup complete.
INFO:     Uvicorn running on http://127.0.0.1:8000 (Press CTRL+C to quit)
ERROR:    Exception in ASGI application
Traceback (most recent call last):
  File "C:\Users\Shaheer\AppData\Roaming\Python\Python314\site-packages\uvicorn\protocols\http\h11_impl.py", line 415, in run_asgi
    result = await app(  # type: ignore[func-returns-value]
             ^^^^^^^^^^^^^^^^^^^^^^^^^^^^^^^^^^^^^^^^^^^^^^
        self.scope, self.receive, self.send
        ^^^^^^^^^^^^^^^^^^^^^^^^^^^^^^^^^^^
    )
    ^
  File "C:\Users\Shaheer\AppData\Roaming\Python\Python314\site-packages\uvicorn\middleware\proxy_headers.py", line 60, in __call__
    return await self.app(scope, receive, send)
           ^^^^^^^^^^^^^^^^^^^^^^^^^^^^^^^^^^^^
  File "C:\Users\Shaheer\AppData\Roaming\Python\Python314\site-packages\fastapi\applications.py", line 1163, in __call__
    await super().__call__(scope, receive, send)
  File "C:\Users\Shaheer\AppData\Roaming\Python\Python314\site-packages\starlette\applications.py", line 90, in __call__
    await self.middleware_stack(scope, receive, send)
  File "C:\Users\Shaheer\AppData\Roaming\Python\Python314\site-packages\starlette\middleware\errors.py", line 186, in __call__
    raise exc
  File "C:\Users\Shaheer\AppData\Roaming\Python\Python314\site-packages\starlette\middleware\errors.py", line 164, in __call__
    await self.app(scope, receive, _send)
  File "C:\Users\Shaheer\AppData\Roaming\Python\Python314\site-packages\starlette\middleware\cors.py", line 96, in __call__
    await self.simple_response(scope, receive, send, request_headers=headers)
  File "C:\Users\Shaheer\AppData\Roaming\Python\Python314\site-packages\starlette\middleware\cors.py", line 154, in simple_response
    await self.app(scope, receive, send)
  File "C:\Users\Shaheer\AppData\Roaming\Python\Python314\site-packages\starlette\middleware\exceptions.py", line 63, in __call__
    await wrap_app_handling_exceptions(self.app, conn)(scope, receive, send)
  File "C:\Users\Shaheer\AppData\Roaming\Python\Python314\site-packages\starlette\_exception_handler.py", line 53, in wrapped_app
    raise exc
  File "C:\Users\Shaheer\AppData\Roaming\Python\Python314\site-packages\starlette\_exception_handler.py", line 42, in wrapped_app
    await app(scope, receive, sender)
  File "C:\Users\Shaheer\AppData\Roaming\Python\Python314\site-packages\fastapi\middleware\asyncexitstack.py", line 18, in __call__
    await self.app(scope, receive, send)
  File "C:\Users\Shaheer\AppData\Roaming\Python\Python314\site-packages\starlette\routing.py", line 660, in __call__
    await self.middleware_stack(scope, receive, send)
  File "C:\Users\Shaheer\AppData\Roaming\Python\Python314\site-packages\starlette\routing.py", line 680, in app
    await route.handle(scope, receive, send)
  File "C:\Users\Shaheer\AppData\Roaming\Python\Python314\site-packages\starlette\routing.py", line 276, in handle
    await self.app(scope, receive, send)
  File "C:\Users\Shaheer\AppData\Roaming\Python\Python314\site-packages\fastapi\routing.py", line 134, in app
    await wrap_app_handling_exceptions(app, request)(scope, receive, send)
  File "C:\Users\Shaheer\AppData\Roaming\Python\Python314\site-packages\starlette\_exception_handler.py", line 53, in wrapped_app
    raise exc
  File "C:\Users\Shaheer\AppData\Roaming\Python\Python314\site-packages\starlette\_exception_handler.py", line 42, in wrapped_app
    await app(scope, receive, sender)
  File "C:\Users\Shaheer\AppData\Roaming\Python\Python314\site-packages\fastapi\routing.py", line 120, in app
    response = await f(request)
               ^^^^^^^^^^^^^^^^
  File "C:\Users\Shaheer\AppData\Roaming\Python\Python314\site-packages\fastapi\routing.py", line 674, in app
    raw_response = await run_endpoint_function(
                   ^^^^^^^^^^^^^^^^^^^^^^^^^^^^
    ...<3 lines>...
    )
    ^
  File "C:\Users\Shaheer\AppData\Roaming\Python\Python314\site-packages\fastapi\routing.py", line 330, in run_endpoint_function
    return await run_in_threadpool(dependant.call, **values)
           ^^^^^^^^^^^^^^^^^^^^^^^^^^^^^^^^^^^^^^^^^^^^^^^^^
  File "C:\Users\Shaheer\AppData\Roaming\Python\Python314\site-packages\starlette\concurrency.py", line 32, in run_in_threadpool
    return await anyio.to_thread.run_sync(func)
           ^^^^^^^^^^^^^^^^^^^^^^^^^^^^^^^^^^^^
  File "C:\Users\Shaheer\AppData\Roaming\Python\Python314\site-packages\anyio\to_thread.py", line 63, in run_sync
    return await get_async_backend().run_sync_in_worker_thread(
           ^^^^^^^^^^^^^^^^^^^^^^^^^^^^^^^^^^^^^^^^^^^^^^^^^^^^
        func, args, abandon_on_cancel=abandon_on_cancel, limiter=limiter
        ^^^^^^^^^^^^^^^^^^^^^^^^^^^^^^^^^^^^^^^^^^^^^^^^^^^^^^^^^^^^^^^^
    )
    ^
  File "C:\Users\Shaheer\AppData\Roaming\Python\Python314\site-packages\anyio\_backends\_asyncio.py", line 2518, in run_sync_in_worker_thread
    return await future
           ^^^^^^^^^^^^
  File "C:\Users\Shaheer\AppData\Roaming\Python\Python314\site-packages\anyio\_backends\_asyncio.py", line 1002, in run
    result = context.run(func, *args)
  File "C:\Users\Shaheer\Desktop\AdSurf\apps\api\app\api\v1\custom_agents.py", line 83, in list_custom_agents
    agents = repo.list_by_workspace(workspace_id)
  File "C:\Users\Shaheer\Desktop\AdSurf\apps\api\app\repositories\custom_agents.py", line 82, in list_by_workspace
    rows = executor.execute(
           ^^^^^^^^^^^^^^^^
AttributeError: 'Engine' object has no attribute 'execute'
ERROR:    Exception in ASGI application
Traceback (most recent call last):
  File "C:\Users\Shaheer\AppData\Roaming\Python\Python314\site-packages\uvicorn\protocols\http\h11_impl.py", line 415, in run_asgi
    result = await app(  # type: ignore[func-returns-value]
             ^^^^^^^^^^^^^^^^^^^^^^^^^^^^^^^^^^^^^^^^^^^^^^
        self.scope, self.receive, self.send
        ^^^^^^^^^^^^^^^^^^^^^^^^^^^^^^^^^^^
    )
    ^
  File "C:\Users\Shaheer\AppData\Roaming\Python\Python314\site-packages\uvicorn\middleware\proxy_headers.py", line 60, in __call__
    return await self.app(scope, receive, send)
           ^^^^^^^^^^^^^^^^^^^^^^^^^^^^^^^^^^^^
  File "C:\Users\Shaheer\AppData\Roaming\Python\Python314\site-packages\fastapi\applications.py", line 1163, in __call__
    await super().__call__(scope, receive, send)
  File "C:\Users\Shaheer\AppData\Roaming\Python\Python314\site-packages\starlette\applications.py", line 90, in __call__
    await self.middleware_stack(scope, receive, send)
  File "C:\Users\Shaheer\AppData\Roaming\Python\Python314\site-packages\starlette\middleware\errors.py", line 186, in __call__
    raise exc
  File "C:\Users\Shaheer\AppData\Roaming\Python\Python314\site-packages\starlette\middleware\errors.py", line 164, in __call__
    await self.app(scope, receive, _send)
  File "C:\Users\Shaheer\AppData\Roaming\Python\Python314\site-packages\starlette\middleware\cors.py", line 96, in __call__
    await self.simple_response(scope, receive, send, request_headers=headers)
  File "C:\Users\Shaheer\AppData\Roaming\Python\Python314\site-packages\starlette\middleware\cors.py", line 154, in simple_response
    await self.app(scope, receive, send)
  File "C:\Users\Shaheer\AppData\Roaming\Python\Python314\site-packages\starlette\middleware\exceptions.py", line 63, in __call__
    await wrap_app_handling_exceptions(self.app, conn)(scope, receive, send)
  File "C:\Users\Shaheer\AppData\Roaming\Python\Python314\site-packages\starlette\_exception_handler.py", line 53, in wrapped_app
    raise exc
  File "C:\Users\Shaheer\AppData\Roaming\Python\Python314\site-packages\starlette\_exception_handler.py", line 42, in wrapped_app
    await app(scope, receive, sender)
  File "C:\Users\Shaheer\AppData\Roaming\Python\Python314\site-packages\fastapi\middleware\asyncexitstack.py", line 18, in __call__
    await self.app(scope, receive, send)
  File "C:\Users\Shaheer\AppData\Roaming\Python\Python314\site-packages\starlette\routing.py", line 660, in __call__
    await self.middleware_stack(scope, receive, send)
  File "C:\Users\Shaheer\AppData\Roaming\Python\Python314\site-packages\starlette\routing.py", line 680, in app
    await route.handle(scope, receive, send)
  File "C:\Users\Shaheer\AppData\Roaming\Python\Python314\site-packages\starlette\routing.py", line 276, in handle
    await self.app(scope, receive, send)
  File "C:\Users\Shaheer\AppData\Roaming\Python\Python314\site-packages\fastapi\routing.py", line 134, in app
    await wrap_app_handling_exceptions(app, request)(scope, receive, send)
  File "C:\Users\Shaheer\AppData\Roaming\Python\Python314\site-packages\starlette\_exception_handler.py", line 53, in wrapped_app
    raise exc
  File "C:\Users\Shaheer\AppData\Roaming\Python\Python314\site-packages\starlette\_exception_handler.py", line 42, in wrapped_app
    await app(scope, receive, sender)
  File "C:\Users\Shaheer\AppData\Roaming\Python\Python314\site-packages\fastapi\routing.py", line 120, in app
    response = await f(request)
               ^^^^^^^^^^^^^^^^
  File "C:\Users\Shaheer\AppData\Roaming\Python\Python314\site-packages\fastapi\routing.py", line 674, in app
    raw_response = await run_endpoint_function(
                   ^^^^^^^^^^^^^^^^^^^^^^^^^^^^
    ...<3 lines>...
    )
    ^
  File "C:\Users\Shaheer\AppData\Roaming\Python\Python314\site-packages\fastapi\routing.py", line 330, in run_endpoint_function
    return await run_in_threadpool(dependant.call, **values)
           ^^^^^^^^^^^^^^^^^^^^^^^^^^^^^^^^^^^^^^^^^^^^^^^^^
  File "C:\Users\Shaheer\AppData\Roaming\Python\Python314\site-packages\starlette\concurrency.py", line 32, in run_in_threadpool
    return await anyio.to_thread.run_sync(func)
           ^^^^^^^^^^^^^^^^^^^^^^^^^^^^^^^^^^^^
  File "C:\Users\Shaheer\AppData\Roaming\Python\Python314\site-packages\anyio\to_thread.py", line 63, in run_sync
    return await get_async_backend().run_sync_in_worker_thread(
           ^^^^^^^^^^^^^^^^^^^^^^^^^^^^^^^^^^^^^^^^^^^^^^^^^^^^
        func, args, abandon_on_cancel=abandon_on_cancel, limiter=limiter
        ^^^^^^^^^^^^^^^^^^^^^^^^^^^^^^^^^^^^^^^^^^^^^^^^^^^^^^^^^^^^^^^^
    )
    ^
  File "C:\Users\Shaheer\AppData\Roaming\Python\Python314\site-packages\anyio\_backends\_asyncio.py", line 2518, in run_sync_in_worker_thread
    return await future
           ^^^^^^^^^^^^
  File "C:\Users\Shaheer\AppData\Roaming\Python\Python314\site-packages\anyio\_backends\_asyncio.py", line 1002, in run
    result = context.run(func, *args)
  File "C:\Users\Shaheer\Desktop\AdSurf\apps\api\app\api\v1\custom_agents.py", line 182, in list_knowledge_bases
    kbs = KnowledgeBaseRepository().list_by_workspace(workspace_id)
  File "C:\Users\Shaheer\Desktop\AdSurf\apps\api\app\repositories\custom_agents.py", line 292, in list_by_workspace
    rows = engine.execute(
           ^^^^^^^^^^^^^^
AttributeError: 'Engine' object has no attribute 'execute'
ERROR:    Exception in ASGI application
Traceback (most recent call last):
  File "C:\Users\Shaheer\AppData\Roaming\Python\Python314\site-packages\uvicorn\protocols\http\h11_impl.py", line 415, in run_asgi
    result = await app(  # type: ignore[func-returns-value]
             ^^^^^^^^^^^^^^^^^^^^^^^^^^^^^^^^^^^^^^^^^^^^^^
        self.scope, self.receive, self.send
        ^^^^^^^^^^^^^^^^^^^^^^^^^^^^^^^^^^^
    )
    ^
  File "C:\Users\Shaheer\AppData\Roaming\Python\Python314\site-packages\uvicorn\middleware\proxy_headers.py", line 60, in __call__
    return await self.app(scope, receive, send)
           ^^^^^^^^^^^^^^^^^^^^^^^^^^^^^^^^^^^^
  File "C:\Users\Shaheer\AppData\Roaming\Python\Python314\site-packages\fastapi\applications.py", line 1163, in __call__
    await super().__call__(scope, receive, send)
  File "C:\Users\Shaheer\AppData\Roaming\Python\Python314\site-packages\starlette\applications.py", line 90, in __call__
    await self.middleware_stack(scope, receive, send)
  File "C:\Users\Shaheer\AppData\Roaming\Python\Python314\site-packages\starlette\middleware\errors.py", line 186, in __call__
    raise exc
  File "C:\Users\Shaheer\AppData\Roaming\Python\Python314\site-packages\starlette\middleware\errors.py", line 164, in __call__
    await self.app(scope, receive, _send)
  File "C:\Users\Shaheer\AppData\Roaming\Python\Python314\site-packages\starlette\middleware\cors.py", line 96, in __call__
    await self.simple_response(scope, receive, send, request_headers=headers)
  File "C:\Users\Shaheer\AppData\Roaming\Python\Python314\site-packages\starlette\middleware\cors.py", line 154, in simple_response
    await self.app(scope, receive, send)
  File "C:\Users\Shaheer\AppData\Roaming\Python\Python314\site-packages\starlette\middleware\exceptions.py", line 63, in __call__
    await wrap_app_handling_exceptions(self.app, conn)(scope, receive, send)
  File "C:\Users\Shaheer\AppData\Roaming\Python\Python314\site-packages\starlette\_exception_handler.py", line 53, in wrapped_app
    raise exc
  File "C:\Users\Shaheer\AppData\Roaming\Python\Python314\site-packages\starlette\_exception_handler.py", line 42, in wrapped_app
    await app(scope, receive, sender)
  File "C:\Users\Shaheer\AppData\Roaming\Python\Python314\site-packages\fastapi\middleware\asyncexitstack.py", line 18, in __call__
    await self.app(scope, receive, send)
  File "C:\Users\Shaheer\AppData\Roaming\Python\Python314\site-packages\starlette\routing.py", line 660, in __call__
    await self.middleware_stack(scope, receive, send)
  File "C:\Users\Shaheer\AppData\Roaming\Python\Python314\site-packages\starlette\routing.py", line 680, in app
    await route.handle(scope, receive, send)
  File "C:\Users\Shaheer\AppData\Roaming\Python\Python314\site-packages\starlette\routing.py", line 276, in handle
    await self.app(scope, receive, send)
  File "C:\Users\Shaheer\AppData\Roaming\Python\Python314\site-packages\fastapi\routing.py", line 134, in app
    await wrap_app_handling_exceptions(app, request)(scope, receive, send)
  File "C:\Users\Shaheer\AppData\Roaming\Python\Python314\site-packages\starlette\_exception_handler.py", line 53, in wrapped_app
    raise exc
  File "C:\Users\Shaheer\AppData\Roaming\Python\Python314\site-packages\starlette\_exception_handler.py", line 42, in wrapped_app
    await app(scope, receive, sender)
  File "C:\Users\Shaheer\AppData\Roaming\Python\Python314\site-packages\fastapi\routing.py", line 120, in app
    response = await f(request)
               ^^^^^^^^^^^^^^^^
  File "C:\Users\Shaheer\AppData\Roaming\Python\Python314\site-packages\fastapi\routing.py", line 674, in app
    raw_response = await run_endpoint_function(
                   ^^^^^^^^^^^^^^^^^^^^^^^^^^^^
    ...<3 lines>...
    )
    ^
  File "C:\Users\Shaheer\AppData\Roaming\Python\Python314\site-packages\fastapi\routing.py", line 330, in run_endpoint_function
    return await run_in_threadpool(dependant.call, **values)
           ^^^^^^^^^^^^^^^^^^^^^^^^^^^^^^^^^^^^^^^^^^^^^^^^^
  File "C:\Users\Shaheer\AppData\Roaming\Python\Python314\site-packages\starlette\concurrency.py", line 32, in run_in_threadpool
    return await anyio.to_thread.run_sync(func)
           ^^^^^^^^^^^^^^^^^^^^^^^^^^^^^^^^^^^^
  File "C:\Users\Shaheer\AppData\Roaming\Python\Python314\site-packages\anyio\to_thread.py", line 63, in run_sync
    return await get_async_backend().run_sync_in_worker_thread(
           ^^^^^^^^^^^^^^^^^^^^^^^^^^^^^^^^^^^^^^^^^^^^^^^^^^^^
        func, args, abandon_on_cancel=abandon_on_cancel, limiter=limiter
        ^^^^^^^^^^^^^^^^^^^^^^^^^^^^^^^^^^^^^^^^^^^^^^^^^^^^^^^^^^^^^^^^
    )
    ^
  File "C:\Users\Shaheer\AppData\Roaming\Python\Python314\site-packages\anyio\_backends\_asyncio.py", line 2518, in run_sync_in_worker_thread
    return await future
           ^^^^^^^^^^^^
  File "C:\Users\Shaheer\AppData\Roaming\Python\Python314\site-packages\anyio\_backends\_asyncio.py", line 1002, in run
    result = context.run(func, *args)
  File "C:\Users\Shaheer\Desktop\AdSurf\apps\api\app\api\v1\custom_agents.py", line 448, in list_agent_templates
    templates = AgentTemplateRepository().list_templates(category=category)
  File "C:\Users\Shaheer\Desktop\AdSurf\apps\api\app\repositories\custom_agents.py", line 790, in list_templates
    rows = engine.execute(text(query), params).mappings().all()
           ^^^^^^^^^^^^^^
AttributeError: 'Engine' object has no attribute 'execute'
C:\Users\Shaheer\AppData\Roaming\Python\Python314\site-packages\fastapi\openapi\utils.py:252: UserWarning: Duplicate Operation ID create_monitoring_import_v1_workspaces__workspace_id__products__product_id__monitoring_imports_post for function create_monitoring_import at C:\Users\Shaheer\Desktop\AdSurf\apps\api\app\api\v1\monitoring.py
  warnings.warn(message, stacklevel=1)
